# JRE version: OpenJDK Runtime Environment Temurin-21.0.10+7 (21.0.10+7) (build 21.0.10+7-LTS)
# Java VM: OpenJDK 64-Bit Server VM Temurin-21.0.10+7 (21.0.10+7-LTS, mixed mode, sharing, tiered, compressed oops, compressed class ptrs, parallel gc, windows-amd64)
GC Precious Log:
 CardTable entry size: 512
 CPUs: 8 total, 8 available
 Memory: 7931M
 Large Page Support: Disabled
 NUMA Support: Disabled
 Compressed Oops: Enabled (32-bit)
 Alignments: Space 512K, Generation 512K, Heap 2M
 Heap Min Capacity: 100M
 Heap Initial Capacity: 100M
 Heap Max Capacity: 2G
 Pre-touch: Disabled
 Parallel Workers: 8
Heap:
 PSYoungGen      total 16896K, used 16870K [0x00000000d5580000, 0x00000000d6a00000, 0x0000000100000000)
  eden space 14848K, 100% used [0x00000000d5580000,0x00000000d6400000,0x00000000d6400000)
  from space 2048K, 98% used [0x00000000d6800000,0x00000000d69f9928,0x00000000d6a00000)
  to   space 3072K, 33% used [0x00000000d6500000,0x00000000d66034d8,0x00000000d6800000)
 ParOldGen       total 97280K, used 97276K [0x0000000080000000, 0x0000000085f00000, 0x00000000d5580000)
  object space 97280K, 99% used [0x0000000080000000,0x0000000085eff258,0x0000000085f00000)
 Metaspace       used 68044K, committed 69568K, reserved 1114112K
  class space    used 8511K, committed 9152K, reserved 1048576K
GC Heap History (20 events):
Event: 40.242 GC heap after
{Heap after GC invocations=74 (full 3):
 PSYoungGen      total 18432K, used 3188K [0x00000000d5580000, 0x00000000d6e00000, 0x0000000100000000)
  eden space 14848K, 0% used [0x00000000d5580000,0x00000000d5580000,0x00000000d6400000)
  from space 3584K, 88% used [0x00000000d6400000,0x00000000d671d060,0x00000000d6780000)
  to   space 5120K, 0% used [0x00000000d6900000,0x00000000d6900000,0x00000000d6e00000)
 ParOldGen       total 70656K, used 70215K [0x0000000080000000, 0x0000000084500000, 0x00000000d5580000)
  object space 70656K, 99% used [0x0000000080000000,0x0000000084491f38,0x0000000084500000)
 Metaspace       used 67892K, committed 69376K, reserved 1114112K
  class space    used 8504K, committed 9152K, reserved 1048576K
}
Event: 40.428 GC heap before
{Heap before GC invocations=75 (full 3):
 PSYoungGen      total 18432K, used 18036K [0x00000000d5580000, 0x00000000d6e00000, 0x0000000100000000)
  eden space 14848K, 100% used [0x00000000d5580000,0x00000000d6400000,0x00000000d6400000)
  from space 3584K, 88% used [0x00000000d6400000,0x00000000d671d060,0x00000000d6780000)
  to   space 5120K, 0% used [0x00000000d6900000,0x00000000d6900000,0x00000000d6e00000)
 ParOldGen       total 70656K, used 70215K [0x0000000080000000, 0x0000000084500000, 0x00000000d5580000)
  object space 70656K, 99% used [0x0000000080000000,0x0000000084491f38,0x0000000084500000)
 Metaspace       used 67906K, committed 69504K, reserved 1114112K
  class space    used 8504K, committed 9152K, reserved 1048576K
}
Event: 40.432 GC heap after
{Heap after GC invocations=75 (full 3):
 PSYoungGen      total 18432K, used 3235K [0x00000000d5580000, 0x00000000d6c80000, 0x0000000100000000)
  eden space 14848K, 0% used [0x00000000d5580000,0x00000000d5580000,0x00000000d6400000)
  from space 3584K, 90% used [0x00000000d6900000,0x00000000d6c28c50,0x00000000d6c80000)
  to   space 3584K, 0% used [0x00000000d6400000,0x00000000d6400000,0x00000000d6780000)
 ParOldGen       total 73728K, used 73253K [0x0000000080000000, 0x0000000084800000, 0x00000000d5580000)
  object space 73728K, 99% used [0x0000000080000000,0x00000000847897f0,0x0000000084800000)
 Metaspace       used 67906K, committed 69504K, reserved 1114112K
  class space    used 8504K, committed 9152K, reserved 1048576K
}
Event: 40.641 GC heap before
{Heap before GC invocations=76 (full 3):
 PSYoungGen      total 18432K, used 18083K [0x00000000d5580000, 0x00000000d6c80000, 0x0000000100000000)
  eden space 14848K, 100% used [0x00000000d5580000,0x00000000d6400000,0x00000000d6400000)
  from space 3584K, 90% used [0x00000000d6900000,0x00000000d6c28c50,0x00000000d6c80000)
  to   space 3584K, 0% used [0x00000000d6400000,0x00000000d6400000,0x00000000d6780000)
 ParOldGen       total 73728K, used 73253K [0x0000000080000000, 0x0000000084800000, 0x00000000d5580000)
  object space 73728K, 99% used [0x0000000080000000,0x00000000847897f0,0x0000000084800000)
 Metaspace       used 67945K, committed 69504K, reserved 1114112K
  class space    used 8507K, committed 9152K, reserved 1048576K
}
Event: 40.645 GC heap after
{Heap after GC invocations=76 (full 3):
 PSYoungGen      total 18432K, used 3082K [0x00000000d5580000, 0x00000000d6b00000, 0x0000000100000000)
  eden space 14848K, 0% used [0x00000000d5580000,0x00000000d5580000,0x00000000d6400000)
  from space 3584K, 85% used [0x00000000d6400000,0x00000000d6702860,0x00000000d6780000)
  to   space 3584K, 0% used [0x00000000d6780000,0x00000000d6780000,0x00000000d6b00000)
 ParOldGen       total 76288K, used 76256K [0x0000000080000000, 0x0000000084a80000, 0x00000000d5580000)
  object space 76288K, 99% used [0x0000000080000000,0x0000000084a781c0,0x0000000084a80000)
 Metaspace       used 67945K, committed 69504K, reserved 1114112K
  class space    used 8507K, committed 9152K, reserved 1048576K
}
Event: 40.860 GC heap before
{Heap before GC invocations=77 (full 3):
 PSYoungGen      total 18432K, used 17930K [0x00000000d5580000, 0x00000000d6b00000, 0x0000000100000000)
  eden space 14848K, 100% used [0x00000000d5580000,0x00000000d6400000,0x00000000d6400000)
  from space 3584K, 85% used [0x00000000d6400000,0x00000000d6702860,0x00000000d6780000)
  to   space 3584K, 0% used [0x00000000d6780000,0x00000000d6780000,0x00000000d6b00000)
 ParOldGen       total 76288K, used 76256K [0x0000000080000000, 0x0000000084a80000, 0x00000000d5580000)
  object space 76288K, 99% used [0x0000000080000000,0x0000000084a781c0,0x0000000084a80000)
 Metaspace       used 67957K, committed 69504K, reserved 1114112K
  class space    used 8507K, committed 9152K, reserved 1048576K
}
Event: 40.864 GC heap after
{Heap after GC invocations=77 (full 3):
 PSYoungGen      total 18432K, used 3196K [0x00000000d5580000, 0x00000000d6b00000, 0x0000000100000000)
  eden space 14848K, 0% used [0x00000000d5580000,0x00000000d5580000,0x00000000d6400000)
  from space 3584K, 89% used [0x00000000d6780000,0x00000000d6a9f1f0,0x00000000d6b00000)
  to   space 3584K, 0% used [0x00000000d6400000,0x00000000d6400000,0x00000000d6780000)
 ParOldGen       total 79360K, used 79189K [0x0000000080000000, 0x0000000084d80000, 0x00000000d5580000)
  object space 79360K, 99% used [0x0000000080000000,0x0000000084d55500,0x0000000084d80000)
 Metaspace       used 67957K, committed 69504K, reserved 1114112K
  class space    used 8507K, committed 9152K, reserved 1048576K
}
Event: 41.138 GC heap before
{Heap before GC invocations=78 (full 3):
 PSYoungGen      total 18432K, used 17985K [0x00000000d5580000, 0x00000000d6b00000, 0x0000000100000000)
  eden space 14848K, 99% used [0x00000000d5580000,0x00000000d63f15c0,0x00000000d6400000)
  from space 3584K, 89% used [0x00000000d6780000,0x00000000d6a9f1f0,0x00000000d6b00000)
  to   space 3584K, 0% used [0x00000000d6400000,0x00000000d6400000,0x00000000d6780000)
 ParOldGen       total 79360K, used 79189K [0x0000000080000000, 0x0000000084d80000, 0x00000000d5580000)
  object space 79360K, 99% used [0x0000000080000000,0x0000000084d55500,0x0000000084d80000)
 Metaspace       used 67963K, committed 69504K, reserved 1114112K
  class space    used 8507K, committed 9152K, reserved 1048576K
}
Event: 41.143 GC heap after
{Heap after GC invocations=78 (full 3):
 PSYoungGen      total 18432K, used 3578K [0x00000000d5580000, 0x00000000d6c00000, 0x0000000100000000)
  eden space 14848K, 0% used [0x00000000d5580000,0x00000000d5580000,0x00000000d6400000)
  from space 3584K, 99% used [0x00000000d6400000,0x00000000d677ebb0,0x00000000d6780000)
  to   space 4096K, 0% used [0x00000000d6800000,0x00000000d6800000,0x00000000d6c00000)
 ParOldGen       total 82432K, used 82266K [0x0000000080000000, 0x0000000085080000, 0x00000000d5580000)
  object space 82432K, 99% used [0x0000000080000000,0x0000000085056948,0x0000000085080000)
 Metaspace       used 67963K, committed 69504K, reserved 1114112K
  class space    used 8507K, committed 9152K, reserved 1048576K
}
Event: 41.517 GC heap before
{Heap before GC invocations=79 (full 3):
 PSYoungGen      total 18432K, used 18426K [0x00000000d5580000, 0x00000000d6c00000, 0x0000000100000000)
  eden space 14848K, 100% used [0x00000000d5580000,0x00000000d6400000,0x00000000d6400000)
  from space 3584K, 99% used [0x00000000d6400000,0x00000000d677ebb0,0x00000000d6780000)
  to   space 4096K, 0% used [0x00000000d6800000,0x00000000d6800000,0x00000000d6c00000)
 ParOldGen       total 82432K, used 82266K [0x0000000080000000, 0x0000000085080000, 0x00000000d5580000)
  object space 82432K, 99% used [0x0000000080000000,0x0000000085056948,0x0000000085080000)
 Metaspace       used 67976K, committed 69504K, reserved 1114112K
  class space    used 8507K, committed 9152K, reserved 1048576K
}
Event: 41.523 GC heap after
{Heap after GC invocations=79 (full 3):
 PSYoungGen      total 16384K, used 1503K [0x00000000d5580000, 0x00000000d6980000, 0x0000000100000000)
  eden space 14848K, 0% used [0x00000000d5580000,0x00000000d5580000,0x00000000d6400000)
  from space 1536K, 97% used [0x00000000d6800000,0x00000000d6977fb0,0x00000000d6980000)
  to   space 2560K, 0% used [0x00000000d6480000,0x00000000d6480000,0x00000000d6700000)
 ParOldGen       total 86016K, used 85675K [0x0000000080000000, 0x0000000085400000, 0x00000000d5580000)
  object space 86016K, 99% used [0x0000000080000000,0x00000000853aafd8,0x0000000085400000)
 Metaspace       used 67976K, committed 69504K, reserved 1114112K
  class space    used 8507K, committed 9152K, reserved 1048576K
}
Event: 41.916 GC heap before
{Heap before GC invocations=80 (full 3):
 PSYoungGen      total 16384K, used 16351K [0x00000000d5580000, 0x00000000d6980000, 0x0000000100000000)
  eden space 14848K, 100% used [0x00000000d5580000,0x00000000d6400000,0x00000000d6400000)
  from space 1536K, 97% used [0x00000000d6800000,0x00000000d6977fb0,0x00000000d6980000)
  to   space 2560K, 0% used [0x00000000d6480000,0x00000000d6480000,0x00000000d6700000)
 ParOldGen       total 86016K, used 85675K [0x0000000080000000, 0x0000000085400000, 0x00000000d5580000)
  object space 86016K, 99% used [0x0000000080000000,0x00000000853aafd8,0x0000000085400000)
 Metaspace       used 68024K, committed 69568K, reserved 1114112K
  class space    used 8510K, committed 9152K, reserved 1048576K
}
Event: 41.936 GC heap after
{Heap after GC invocations=80 (full 3):
 PSYoungGen      total 17408K, used 2530K [0x00000000d5580000, 0x00000000d6e00000, 0x0000000100000000)
  eden space 14848K, 0% used [0x00000000d5580000,0x00000000d5580000,0x00000000d6400000)
  from space 2560K, 98% used [0x00000000d6480000,0x00000000d66f8888,0x00000000d6700000)
  to   space 5120K, 0% used [0x00000000d6900000,0x00000000d6900000,0x00000000d6e00000)
 ParOldGen       total 87552K, used 87361K [0x0000000080000000, 0x0000000085580000, 0x00000000d5580000)
  object space 87552K, 99% used [0x0000000080000000,0x0000000085550448,0x0000000085580000)
 Metaspace       used 68024K, committed 69568K, reserved 1114112K
  class space    used 8510K, committed 9152K, reserved 1048576K
}
Event: 42.295 GC heap before
{Heap before GC invocations=81 (full 3):
 PSYoungGen      total 17408K, used 17378K [0x00000000d5580000, 0x00000000d6e00000, 0x0000000100000000)
  eden space 14848K, 100% used [0x00000000d5580000,0x00000000d6400000,0x00000000d6400000)
  from space 2560K, 98% used [0x00000000d6480000,0x00000000d66f8888,0x00000000d6700000)
  to   space 5120K, 0% used [0x00000000d6900000,0x00000000d6900000,0x00000000d6e00000)
 ParOldGen       total 87552K, used 87361K [0x0000000080000000, 0x0000000085580000, 0x00000000d5580000)
  object space 87552K, 99% used [0x0000000080000000,0x0000000085550448,0x0000000085580000)
 Metaspace       used 68025K, committed 69568K, reserved 1114112K
  class space    used 8510K, committed 9152K, reserved 1048576K
}
Event: 42.300 GC heap after
{Heap after GC invocations=81 (full 3):
 PSYoungGen      total 17920K, used 2658K [0x00000000d5580000, 0x00000000d6c00000, 0x0000000100000000)
  eden space 14848K, 0% used [0x00000000d5580000,0x00000000d5580000,0x00000000d6400000)
  from space 3072K, 86% used [0x00000000d6900000,0x00000000d6b98960,0x00000000d6c00000)
  to   space 3584K, 0% used [0x00000000d6500000,0x00000000d6500000,0x00000000d6880000)
 ParOldGen       total 90112K, used 89868K [0x0000000080000000, 0x0000000085800000, 0x00000000d5580000)
  object space 90112K, 99% used [0x0000000080000000,0x00000000857c3110,0x0000000085800000)
 Metaspace       used 68025K, committed 69568K, reserved 1114112K
  class space    used 8510K, committed 9152K, reserved 1048576K
}
Event: 42.609 GC heap before
{Heap before GC invocations=82 (full 3):
 PSYoungGen      total 17920K, used 17506K [0x00000000d5580000, 0x00000000d6c00000, 0x0000000100000000)
  eden space 14848K, 100% used [0x00000000d5580000,0x00000000d6400000,0x00000000d6400000)
  from space 3072K, 86% used [0x00000000d6900000,0x00000000d6b98960,0x00000000d6c00000)
  to   space 3584K, 0% used [0x00000000d6500000,0x00000000d6500000,0x00000000d6880000)
 ParOldGen       total 90112K, used 89868K [0x0000000080000000, 0x0000000085800000, 0x00000000d5580000)
  object space 90112K, 99% used [0x0000000080000000,0x00000000857c3110,0x0000000085800000)
 Metaspace       used 68038K, committed 69568K, reserved 1114112K
  class space    used 8511K, committed 9152K, reserved 1048576K
}
Event: 42.613 GC heap after
{Heap after GC invocations=82 (full 3):
 PSYoungGen      total 17920K, used 2638K [0x00000000d5580000, 0x00000000d6a00000, 0x0000000100000000)
  eden space 14848K, 0% used [0x00000000d5580000,0x00000000d5580000,0x00000000d6400000)
  from space 3072K, 85% used [0x00000000d6500000,0x00000000d6793b00,0x00000000d6800000)
  to   space 2048K, 0% used [0x00000000d6800000,0x00000000d6800000,0x00000000d6a00000)
 ParOldGen       total 92672K, used 92366K [0x0000000080000000, 0x0000000085a80000, 0x00000000d5580000)
  object space 92672K, 99% used [0x0000000080000000,0x0000000085a33bb8,0x0000000085a80000)
 Metaspace       used 68038K, committed 69568K, reserved 1114112K
  class space    used 8511K, committed 9152K, reserved 1048576K
}
Event: 43.007 GC heap before
{Heap before GC invocations=83 (full 3):
 PSYoungGen      total 17920K, used 17486K [0x00000000d5580000, 0x00000000d6a00000, 0x0000000100000000)
  eden space 14848K, 100% used [0x00000000d5580000,0x00000000d6400000,0x00000000d6400000)
  from space 3072K, 85% used [0x00000000d6500000,0x00000000d6793b00,0x00000000d6800000)
  to   space 2048K, 0% used [0x00000000d6800000,0x00000000d6800000,0x00000000d6a00000)
 ParOldGen       total 92672K, used 92366K [0x0000000080000000, 0x0000000085a80000, 0x00000000d5580000)
  object space 92672K, 99% used [0x0000000080000000,0x0000000085a33bb8,0x0000000085a80000)
 Metaspace       used 68042K, committed 69568K, reserved 1114112K
  class space    used 8511K, committed 9152K, reserved 1048576K
}
Event: 44.571 GC heap after
{Heap after GC invocations=83 (full 3):
 PSYoungGen      total 16896K, used 2022K [0x00000000d5580000, 0x00000000d6a00000, 0x0000000100000000)
  eden space 14848K, 0% used [0x00000000d5580000,0x00000000d5580000,0x00000000d6400000)
  from space 2048K, 98% used [0x00000000d6800000,0x00000000d69f9928,0x00000000d6a00000)
  to   space 3072K, 0% used [0x00000000d6500000,0x00000000d6500000,0x00000000d6800000)
 ParOldGen       total 95744K, used 95474K [0x0000000080000000, 0x0000000085d80000, 0x00000000d5580000)
  object space 95744K, 99% used [0x0000000080000000,0x0000000085d3c920,0x0000000085d80000)
 Metaspace       used 68042K, committed 69568K, reserved 1114112K
  class space    used 8511K, committed 9152K, reserved 1048576K
}
Event: 44.685 GC heap before
{Heap before GC invocations=84 (full 3):
 PSYoungGen      total 16896K, used 16870K [0x00000000d5580000, 0x00000000d6a00000, 0x0000000100000000)
  eden space 14848K, 100% used [0x00000000d5580000,0x00000000d6400000,0x00000000d6400000)
  from space 2048K, 98% used [0x00000000d6800000,0x00000000d69f9928,0x00000000d6a00000)
  to   space 3072K, 0% used [0x00000000d6500000,0x00000000d6500000,0x00000000d6800000)
 ParOldGen       total 95744K, used 95474K [0x0000000080000000, 0x0000000085d80000, 0x00000000d5580000)
  object space 95744K, 99% used [0x0000000080000000,0x0000000085d3c920,0x0000000085d80000)
 Metaspace       used 68044K, committed 69568K, reserved 1114112K
  class space    used 8511K, committed 9152K, reserved 1048576K
}

