# JRE version: Java(TM) SE Runtime Environment (22.0.2+9) (build 22.0.2+9-70)
# Java VM: Java HotSpot(TM) 64-Bit Server VM (22.0.2+9-70, mixed mode, sharing, tiered, compressed oops, compressed class ptrs, g1 gc, windows-amd64)
GC Precious Log:
 CardTable entry size: 512
 Card Set container configuration: InlinePtr #cards 4 size 8 Array Of Cards #cards 32 size 80 Howl #buckets 8 coarsen threshold 7372 Howl Bitmap #cards 1024 size 144 coarsen threshold 921 Card regions per heap region 1 cards per card region 8192
 CPUs: 8 total, 8 available
 Memory: 7931M
 Large Page Support: Disabled
 NUMA Support: Disabled
 Compressed Oops: Enabled (Zero based)
 Heap Region Size: 4M
 Heap Min Capacity: 8M
 Heap Initial Capacity: 124M
 Heap Max Capacity: 8G
 Pre-touch: Disabled
 Parallel Workers: 8
 Concurrent Workers: 2
 Concurrent Refinement Workers: 8
 Periodic GC: Disabled
Heap:
 garbage-first heap   total reserved 8388608K, committed 430080K, used 264884K [0x0000000600000000, 0x0000000800000000)
  region size 4096K, 4 young (16384K), 2 survivors (8192K)
 Metaspace       used 125165K, committed 128000K, reserved 1179648K
  class space    used 17784K, committed 19136K, reserved 1048576K
GC Heap History (20 events):
Event: 142.548 GC heap before
{Heap before GC invocations=56 (full 0):
 garbage-first heap   total reserved 8388608K, committed 266240K, used 233843K [0x0000000600000000, 0x0000000800000000)
  region size 4096K, 19 young (77824K), 3 survivors (12288K)
 Metaspace       used 114366K, committed 117056K, reserved 1179648K
  class space    used 16416K, committed 17728K, reserved 1048576K
}
Event: 142.561 GC heap after
{Heap after GC invocations=57 (full 0):
 garbage-first heap   total reserved 8388608K, committed 266240K, used 176252K [0x0000000600000000, 0x0000000800000000)
  region size 4096K, 2 young (8192K), 2 survivors (8192K)
 Metaspace       used 114366K, committed 117056K, reserved 1179648K
  class space    used 16416K, committed 17728K, reserved 1048576K
}
Event: 144.232 GC heap before
{Heap before GC invocations=58 (full 0):
 garbage-first heap   total reserved 8388608K, committed 303104K, used 233596K [0x0000000600000000, 0x0000000800000000)
  region size 4096K, 16 young (65536K), 2 survivors (8192K)
 Metaspace       used 116640K, committed 119296K, reserved 1179648K
  class space    used 16732K, committed 17984K, reserved 1048576K
}
Event: 144.242 GC heap after
{Heap after GC invocations=59 (full 0):
 garbage-first heap   total reserved 8388608K, committed 303104K, used 182147K [0x0000000600000000, 0x0000000800000000)
  region size 4096K, 2 young (8192K), 2 survivors (8192K)
 Metaspace       used 116640K, committed 119296K, reserved 1179648K
  class space    used 16732K, committed 17984K, reserved 1048576K
}
Event: 145.912 GC heap before
{Heap before GC invocations=59 (full 0):
 garbage-first heap   total reserved 8388608K, committed 303104K, used 268163K [0x0000000600000000, 0x0000000800000000)
  region size 4096K, 23 young (94208K), 2 survivors (8192K)
 Metaspace       used 121189K, committed 123840K, reserved 1179648K
  class space    used 17331K, committed 18624K, reserved 1048576K
}
Event: 145.926 GC heap after
{Heap after GC invocations=60 (full 0):
 garbage-first heap   total reserved 8388608K, committed 303104K, used 186921K [0x0000000600000000, 0x0000000800000000)
  region size 4096K, 3 young (12288K), 3 survivors (12288K)
 Metaspace       used 121189K, committed 123840K, reserved 1179648K
  class space    used 17331K, committed 18624K, reserved 1048576K
}
Event: 147.779 GC heap before
{Heap before GC invocations=60 (full 0):
 garbage-first heap   total reserved 8388608K, committed 303104K, used 268841K [0x0000000600000000, 0x0000000800000000)
  region size 4096K, 23 young (94208K), 3 survivors (12288K)
 Metaspace       used 122311K, committed 125056K, reserved 1179648K
  class space    used 17484K, committed 18816K, reserved 1048576K
}
Event: 147.797 GC heap after
{Heap after GC invocations=61 (full 0):
 garbage-first heap   total reserved 8388608K, committed 303104K, used 200704K [0x0000000600000000, 0x0000000800000000)
  region size 4096K, 3 young (12288K), 3 survivors (12288K)
 Metaspace       used 122311K, committed 125056K, reserved 1179648K
  class space    used 17484K, committed 18816K, reserved 1048576K
}
Event: 191.331 GC heap before
{Heap before GC invocations=62 (full 0):
 garbage-first heap   total reserved 8388608K, committed 335872K, used 266240K [0x0000000600000000, 0x0000000800000000)
  region size 4096K, 20 young (81920K), 3 survivors (12288K)
 Metaspace       used 123684K, committed 126400K, reserved 1179648K
  class space    used 17693K, committed 19008K, reserved 1048576K
}
Event: 191.349 GC heap after
{Heap after GC invocations=63 (full 0):
 garbage-first heap   total reserved 8388608K, committed 335872K, used 209463K [0x0000000600000000, 0x0000000800000000)
  region size 4096K, 2 young (8192K), 2 survivors (8192K)
 Metaspace       used 123684K, committed 126400K, reserved 1179648K
  class space    used 17693K, committed 19008K, reserved 1048576K
}
Event: 193.147 GC heap before
{Heap before GC invocations=63 (full 0):
 garbage-first heap   total reserved 8388608K, committed 335872K, used 299575K [0x0000000600000000, 0x0000000800000000)
  region size 4096K, 24 young (98304K), 2 survivors (8192K)
 Metaspace       used 123852K, committed 126592K, reserved 1179648K
  class space    used 17702K, committed 19008K, reserved 1048576K
}
Event: 193.164 GC heap after
{Heap after GC invocations=64 (full 0):
 garbage-first heap   total reserved 8388608K, committed 335872K, used 212829K [0x0000000600000000, 0x0000000800000000)
  region size 4096K, 3 young (12288K), 3 survivors (12288K)
 Metaspace       used 123852K, committed 126592K, reserved 1179648K
  class space    used 17702K, committed 19008K, reserved 1048576K
}
Event: 195.330 GC heap before
{Heap before GC invocations=64 (full 0):
 garbage-first heap   total reserved 8388608K, committed 335872K, used 298845K [0x0000000600000000, 0x0000000800000000)
  region size 4096K, 24 young (98304K), 3 survivors (12288K)
 Metaspace       used 124087K, committed 126848K, reserved 1179648K
  class space    used 17706K, committed 19008K, reserved 1048576K
}
Event: 195.345 GC heap after
{Heap after GC invocations=65 (full 0):
 garbage-first heap   total reserved 8388608K, committed 335872K, used 220203K [0x0000000600000000, 0x0000000800000000)
  region size 4096K, 3 young (12288K), 3 survivors (12288K)
 Metaspace       used 124087K, committed 126848K, reserved 1179648K
  class space    used 17706K, committed 19008K, reserved 1048576K
}
Event: 197.080 GC heap before
{Heap before GC invocations=66 (full 0):
 garbage-first heap   total reserved 8388608K, committed 368640K, used 298027K [0x0000000600000000, 0x0000000800000000)
  region size 4096K, 23 young (94208K), 3 survivors (12288K)
 Metaspace       used 124273K, committed 127040K, reserved 1179648K
  class space    used 17710K, committed 19072K, reserved 1048576K
}
Event: 197.097 GC heap after
{Heap after GC invocations=67 (full 0):
 garbage-first heap   total reserved 8388608K, committed 368640K, used 230135K [0x0000000600000000, 0x0000000800000000)
  region size 4096K, 3 young (12288K), 3 survivors (12288K)
 Metaspace       used 124273K, committed 127040K, reserved 1179648K
  class space    used 17710K, committed 19072K, reserved 1048576K
}
Event: 199.877 GC heap before
{Heap before GC invocations=67 (full 0):
 garbage-first heap   total reserved 8388608K, committed 368640K, used 332535K [0x0000000600000000, 0x0000000800000000)
  region size 4096K, 28 young (114688K), 3 survivors (12288K)
 Metaspace       used 124727K, committed 127552K, reserved 1179648K
  class space    used 17746K, committed 19072K, reserved 1048576K
}
Event: 199.905 GC heap after
{Heap after GC invocations=68 (full 0):
 garbage-first heap   total reserved 8388608K, committed 368640K, used 243230K [0x0000000600000000, 0x0000000800000000)
  region size 4096K, 4 young (16384K), 4 survivors (16384K)
 Metaspace       used 124727K, committed 127552K, reserved 1179648K
  class space    used 17746K, committed 19072K, reserved 1048576K
}
Event: 208.850 GC heap before
{Heap before GC invocations=68 (full 0):
 garbage-first heap   total reserved 8388608K, committed 368640K, used 325150K [0x0000000600000000, 0x0000000800000000)
  region size 4096K, 25 young (102400K), 4 survivors (16384K)
 Metaspace       used 124944K, committed 127680K, reserved 1179648K
  class space    used 17764K, committed 19072K, reserved 1048576K
}
Event: 208.875 GC heap after
{Heap after GC invocations=69 (full 0):
 garbage-first heap   total reserved 8388608K, committed 368640K, used 254646K [0x0000000600000000, 0x0000000800000000)
  region size 4096K, 3 young (12288K), 3 survivors (12288K)
 Metaspace       used 124944K, committed 127680K, reserved 1179648K
  class space    used 17764K, committed 19072K, reserved 1048576K
}

