# JRE version: OpenJDK Runtime Environment Temurin-21.0.10+7 (21.0.10+7) (build 21.0.10+7-LTS)
# Java VM: OpenJDK 64-Bit Server VM Temurin-21.0.10+7 (21.0.10+7-LTS, mixed mode, sharing, tiered, compressed oops, compressed class ptrs, parallel gc, windows-amd64)
GC Precious Log:
 CardTable entry size: 512
 CPUs: 8 total, 8 available
 Memory: 7931M
 Large Page Support: Disabled
 NUMA Support: Disabled
 Compressed Oops: Enabled (32-bit)
 Alignments: Space 512K, Generation 512K, Heap 2M
 Heap Min Capacity: 100M
 Heap Initial Capacity: 100M
 Heap Max Capacity: 2G
 Pre-touch: Disabled
 Parallel Workers: 8
Heap:
 PSYoungGen      total 14336K, used 2811K [0x00000000d5580000, 0x00000000d6900000, 0x0000000100000000)
  eden space 11264K, 1% used [0x00000000d5580000,0x00000000d55b61e8,0x00000000d6080000)
  from space 3072K, 84% used [0x00000000d6600000,0x00000000d6888de0,0x00000000d6900000)
  to   space 3584K, 0% used [0x00000000d6200000,0x00000000d6200000,0x00000000d6580000)
 ParOldGen       total 95232K, used 94866K [0x0000000080000000, 0x0000000085d00000, 0x00000000d5580000)
  object space 95232K, 99% used [0x0000000080000000,0x0000000085ca4a78,0x0000000085d00000)
 Metaspace       used 75459K, committed 76928K, reserved 1179648K
  class space    used 9386K, committed 10048K, reserved 1048576K
GC Heap History (20 events):
Event: 378.478 GC heap before
{Heap before GC invocations=106 (full 3):
 PSYoungGen      total 12800K, used 12384K [0x00000000d5580000, 0x00000000d6380000, 0x0000000100000000)
  eden space 11264K, 100% used [0x00000000d5580000,0x00000000d6080000,0x00000000d6080000)
  from space 1536K, 72% used [0x00000000d6200000,0x00000000d6318000,0x00000000d6380000)
  to   space 1536K, 0% used [0x00000000d6080000,0x00000000d6080000,0x00000000d6200000)
 ParOldGen       total 68608K, used 65917K [0x0000000080000000, 0x0000000084300000, 0x00000000d5580000)
  object space 68608K, 96% used [0x0000000080000000,0x000000008405f708,0x0000000084300000)
 Metaspace       used 74385K, committed 75904K, reserved 1179648K
  class space    used 9309K, committed 9984K, reserved 1048576K
}
Event: 378.480 GC heap after
{Heap after GC invocations=106 (full 3):
 PSYoungGen      total 12800K, used 1024K [0x00000000d5580000, 0x00000000d6380000, 0x0000000100000000)
  eden space 11264K, 0% used [0x00000000d5580000,0x00000000d5580000,0x00000000d6080000)
  from space 1536K, 66% used [0x00000000d6080000,0x00000000d6180000,0x00000000d6200000)
  to   space 1536K, 0% used [0x00000000d6200000,0x00000000d6200000,0x00000000d6380000)
 ParOldGen       total 68608K, used 66926K [0x0000000080000000, 0x0000000084300000, 0x00000000d5580000)
  object space 68608K, 97% used [0x0000000080000000,0x000000008415b908,0x0000000084300000)
 Metaspace       used 74385K, committed 75904K, reserved 1179648K
  class space    used 9309K, committed 9984K, reserved 1048576K
}
Event: 378.822 GC heap before
{Heap before GC invocations=107 (full 3):
 PSYoungGen      total 12800K, used 12288K [0x00000000d5580000, 0x00000000d6380000, 0x0000000100000000)
  eden space 11264K, 100% used [0x00000000d5580000,0x00000000d6080000,0x00000000d6080000)
  from space 1536K, 66% used [0x00000000d6080000,0x00000000d6180000,0x00000000d6200000)
  to   space 1536K, 0% used [0x00000000d6200000,0x00000000d6200000,0x00000000d6380000)
 ParOldGen       total 68608K, used 66926K [0x0000000080000000, 0x0000000084300000, 0x00000000d5580000)
  object space 68608K, 97% used [0x0000000080000000,0x000000008415b908,0x0000000084300000)
 Metaspace       used 74965K, committed 76416K, reserved 1179648K
  class space    used 9359K, committed 9984K, reserved 1048576K
}
Event: 378.828 GC heap after
{Heap after GC invocations=107 (full 3):
 PSYoungGen      total 12800K, used 1088K [0x00000000d5580000, 0x00000000d6380000, 0x0000000100000000)
  eden space 11264K, 0% used [0x00000000d5580000,0x00000000d5580000,0x00000000d6080000)
  from space 1536K, 70% used [0x00000000d6200000,0x00000000d6310000,0x00000000d6380000)
  to   space 1536K, 0% used [0x00000000d6080000,0x00000000d6080000,0x00000000d6200000)
 ParOldGen       total 68608K, used 67827K [0x0000000080000000, 0x0000000084300000, 0x00000000d5580000)
  object space 68608K, 98% used [0x0000000080000000,0x000000008423cc60,0x0000000084300000)
 Metaspace       used 74965K, committed 76416K, reserved 1179648K
  class space    used 9359K, committed 9984K, reserved 1048576K
}
Event: 379.123 GC heap before
{Heap before GC invocations=108 (full 3):
 PSYoungGen      total 12800K, used 12352K [0x00000000d5580000, 0x00000000d6380000, 0x0000000100000000)
  eden space 11264K, 100% used [0x00000000d5580000,0x00000000d6080000,0x00000000d6080000)
  from space 1536K, 70% used [0x00000000d6200000,0x00000000d6310000,0x00000000d6380000)
  to   space 1536K, 0% used [0x00000000d6080000,0x00000000d6080000,0x00000000d6200000)
 ParOldGen       total 68608K, used 67827K [0x0000000080000000, 0x0000000084300000, 0x00000000d5580000)
  object space 68608K, 98% used [0x0000000080000000,0x000000008423cc60,0x0000000084300000)
 Metaspace       used 75159K, committed 76672K, reserved 1179648K
  class space    used 9372K, committed 10048K, reserved 1048576K
}
Event: 379.125 GC heap after
{Heap after GC invocations=108 (full 3):
 PSYoungGen      total 12800K, used 1513K [0x00000000d5580000, 0x00000000d6680000, 0x0000000100000000)
  eden space 11264K, 0% used [0x00000000d5580000,0x00000000d5580000,0x00000000d6080000)
  from space 1536K, 98% used [0x00000000d6080000,0x00000000d61fa5d8,0x00000000d6200000)
  to   space 3072K, 0% used [0x00000000d6380000,0x00000000d6380000,0x00000000d6680000)
 ParOldGen       total 69120K, used 69059K [0x0000000080000000, 0x0000000084380000, 0x00000000d5580000)
  object space 69120K, 99% used [0x0000000080000000,0x0000000084370c60,0x0000000084380000)
 Metaspace       used 75159K, committed 76672K, reserved 1179648K
  class space    used 9372K, committed 10048K, reserved 1048576K
}
Event: 379.312 GC heap before
{Heap before GC invocations=109 (full 3):
 PSYoungGen      total 12800K, used 12777K [0x00000000d5580000, 0x00000000d6680000, 0x0000000100000000)
  eden space 11264K, 100% used [0x00000000d5580000,0x00000000d6080000,0x00000000d6080000)
  from space 1536K, 98% used [0x00000000d6080000,0x00000000d61fa5d8,0x00000000d6200000)
  to   space 3072K, 0% used [0x00000000d6380000,0x00000000d6380000,0x00000000d6680000)
 ParOldGen       total 69120K, used 69059K [0x0000000080000000, 0x0000000084380000, 0x00000000d5580000)
  object space 69120K, 99% used [0x0000000080000000,0x0000000084370c60,0x0000000084380000)
 Metaspace       used 75326K, committed 76864K, reserved 1179648K
  class space    used 9380K, committed 10048K, reserved 1048576K
}
Event: 379.318 GC heap after
{Heap after GC invocations=109 (full 3):
 PSYoungGen      total 14336K, used 2505K [0x00000000d5580000, 0x00000000d6680000, 0x0000000100000000)
  eden space 11264K, 0% used [0x00000000d5580000,0x00000000d5580000,0x00000000d6080000)
  from space 3072K, 81% used [0x00000000d6380000,0x00000000d65f2498,0x00000000d6680000)
  to   space 3072K, 0% used [0x00000000d6080000,0x00000000d6080000,0x00000000d6380000)
 ParOldGen       total 70656K, used 70526K [0x0000000080000000, 0x0000000084500000, 0x00000000d5580000)
  object space 70656K, 99% used [0x0000000080000000,0x00000000844df9d0,0x0000000084500000)
 Metaspace       used 75326K, committed 76864K, reserved 1179648K
  class space    used 9380K, committed 10048K, reserved 1048576K
}
Event: 379.505 GC heap before
{Heap before GC invocations=110 (full 3):
 PSYoungGen      total 14336K, used 13769K [0x00000000d5580000, 0x00000000d6680000, 0x0000000100000000)
  eden space 11264K, 100% used [0x00000000d5580000,0x00000000d6080000,0x00000000d6080000)
  from space 3072K, 81% used [0x00000000d6380000,0x00000000d65f2498,0x00000000d6680000)
  to   space 3072K, 0% used [0x00000000d6080000,0x00000000d6080000,0x00000000d6380000)
 ParOldGen       total 70656K, used 70526K [0x0000000080000000, 0x0000000084500000, 0x00000000d5580000)
  object space 70656K, 99% used [0x0000000080000000,0x00000000844df9d0,0x0000000084500000)
 Metaspace       used 75377K, committed 76864K, reserved 1179648K
  class space    used 9383K, committed 10048K, reserved 1048576K
}
Event: 379.508 GC heap after
{Heap after GC invocations=110 (full 3):
 PSYoungGen      total 14336K, used 2784K [0x00000000d5580000, 0x00000000d6680000, 0x0000000100000000)
  eden space 11264K, 0% used [0x00000000d5580000,0x00000000d5580000,0x00000000d6080000)
  from space 3072K, 90% used [0x00000000d6080000,0x00000000d63380c8,0x00000000d6380000)
  to   space 3072K, 0% used [0x00000000d6380000,0x00000000d6380000,0x00000000d6680000)
 ParOldGen       total 73216K, used 72949K [0x0000000080000000, 0x0000000084780000, 0x00000000d5580000)
  object space 73216K, 99% used [0x0000000080000000,0x000000008473d7a0,0x0000000084780000)
 Metaspace       used 75377K, committed 76864K, reserved 1179648K
  class space    used 9383K, committed 10048K, reserved 1048576K
}
Event: 379.634 GC heap before
{Heap before GC invocations=111 (full 3):
 PSYoungGen      total 14336K, used 14048K [0x00000000d5580000, 0x00000000d6680000, 0x0000000100000000)
  eden space 11264K, 100% used [0x00000000d5580000,0x00000000d6080000,0x00000000d6080000)
  from space 3072K, 90% used [0x00000000d6080000,0x00000000d63380c8,0x00000000d6380000)
  to   space 3072K, 0% used [0x00000000d6380000,0x00000000d6380000,0x00000000d6680000)
 ParOldGen       total 73216K, used 72949K [0x0000000080000000, 0x0000000084780000, 0x00000000d5580000)
  object space 73216K, 99% used [0x0000000080000000,0x000000008473d7a0,0x0000000084780000)
 Metaspace       used 75388K, committed 76864K, reserved 1179648K
  class space    used 9383K, committed 10048K, reserved 1048576K
}
Event: 379.638 GC heap after
{Heap after GC invocations=111 (full 3):
 PSYoungGen      total 14336K, used 2813K [0x00000000d5580000, 0x00000000d6680000, 0x0000000100000000)
  eden space 11264K, 0% used [0x00000000d5580000,0x00000000d5580000,0x00000000d6080000)
  from space 3072K, 91% used [0x00000000d6380000,0x00000000d663f710,0x00000000d6680000)
  to   space 3072K, 0% used [0x00000000d6080000,0x00000000d6080000,0x00000000d6380000)
 ParOldGen       total 75776K, used 75575K [0x0000000080000000, 0x0000000084a00000, 0x00000000d5580000)
  object space 75776K, 99% used [0x0000000080000000,0x00000000849cddd0,0x0000000084a00000)
 Metaspace       used 75388K, committed 76864K, reserved 1179648K
  class space    used 9383K, committed 10048K, reserved 1048576K
}
Event: 379.762 GC heap before
{Heap before GC invocations=112 (full 3):
 PSYoungGen      total 14336K, used 14077K [0x00000000d5580000, 0x00000000d6680000, 0x0000000100000000)
  eden space 11264K, 100% used [0x00000000d5580000,0x00000000d6080000,0x00000000d6080000)
  from space 3072K, 91% used [0x00000000d6380000,0x00000000d663f710,0x00000000d6680000)
  to   space 3072K, 0% used [0x00000000d6080000,0x00000000d6080000,0x00000000d6380000)
 ParOldGen       total 75776K, used 75575K [0x0000000080000000, 0x0000000084a00000, 0x00000000d5580000)
  object space 75776K, 99% used [0x0000000080000000,0x00000000849cddd0,0x0000000084a00000)
 Metaspace       used 75389K, committed 76864K, reserved 1179648K
  class space    used 9383K, committed 10048K, reserved 1048576K
}
Event: 379.767 GC heap after
{Heap after GC invocations=112 (full 3):
 PSYoungGen      total 14336K, used 2534K [0x00000000d5580000, 0x00000000d6680000, 0x0000000100000000)
  eden space 11264K, 0% used [0x00000000d5580000,0x00000000d5580000,0x00000000d6080000)
  from space 3072K, 82% used [0x00000000d6080000,0x00000000d62f9a30,0x00000000d6380000)
  to   space 3072K, 0% used [0x00000000d6380000,0x00000000d6380000,0x00000000d6680000)
 ParOldGen       total 78336K, used 78226K [0x0000000080000000, 0x0000000084c80000, 0x00000000d5580000)
  object space 78336K, 99% used [0x0000000080000000,0x0000000084c64ad8,0x0000000084c80000)
 Metaspace       used 75389K, committed 76864K, reserved 1179648K
  class space    used 9383K, committed 10048K, reserved 1048576K
}
Event: 379.884 GC heap before
{Heap before GC invocations=113 (full 3):
 PSYoungGen      total 14336K, used 13149K [0x00000000d5580000, 0x00000000d6680000, 0x0000000100000000)
  eden space 11264K, 94% used [0x00000000d5580000,0x00000000d5fddcf8,0x00000000d6080000)
  from space 3072K, 82% used [0x00000000d6080000,0x00000000d62f9a30,0x00000000d6380000)
  to   space 3072K, 0% used [0x00000000d6380000,0x00000000d6380000,0x00000000d6680000)
 ParOldGen       total 78336K, used 78226K [0x0000000080000000, 0x0000000084c80000, 0x00000000d5580000)
  object space 78336K, 99% used [0x0000000080000000,0x0000000084c64ad8,0x0000000084c80000)
 Metaspace       used 75399K, committed 76928K, reserved 1179648K
  class space    used 9383K, committed 10048K, reserved 1048576K
}
Event: 379.888 GC heap after
{Heap after GC invocations=113 (full 3):
 PSYoungGen      total 13824K, used 2118K [0x00000000d5580000, 0x00000000d6600000, 0x0000000100000000)
  eden space 11264K, 0% used [0x00000000d5580000,0x00000000d5580000,0x00000000d6080000)
  from space 2560K, 82% used [0x00000000d6380000,0x00000000d6591828,0x00000000d6600000)
  to   space 2560K, 0% used [0x00000000d6100000,0x00000000d6100000,0x00000000d6380000)
 ParOldGen       total 80896K, used 80574K [0x0000000080000000, 0x0000000084f00000, 0x00000000d5580000)
  object space 80896K, 99% used [0x0000000080000000,0x0000000084eaf938,0x0000000084f00000)
 Metaspace       used 75399K, committed 76928K, reserved 1179648K
  class space    used 9383K, committed 10048K, reserved 1048576K
}
Event: 380.092 GC heap before
{Heap before GC invocations=114 (full 3):
 PSYoungGen      total 13824K, used 13382K [0x00000000d5580000, 0x00000000d6600000, 0x0000000100000000)
  eden space 11264K, 100% used [0x00000000d5580000,0x00000000d6080000,0x00000000d6080000)
  from space 2560K, 82% used [0x00000000d6380000,0x00000000d6591828,0x00000000d6600000)
  to   space 2560K, 0% used [0x00000000d6100000,0x00000000d6100000,0x00000000d6380000)
 ParOldGen       total 80896K, used 80574K [0x0000000080000000, 0x0000000084f00000, 0x00000000d5580000)
  object space 80896K, 99% used [0x0000000080000000,0x0000000084eaf938,0x0000000084f00000)
 Metaspace       used 75411K, committed 76928K, reserved 1179648K
  class space    used 9383K, committed 10048K, reserved 1048576K
}
Event: 380.096 GC heap after
{Heap after GC invocations=114 (full 3):
 PSYoungGen      total 13824K, used 2551K [0x00000000d5580000, 0x00000000d6a80000, 0x0000000100000000)
  eden space 11264K, 0% used [0x00000000d5580000,0x00000000d5580000,0x00000000d6080000)
  from space 2560K, 99% used [0x00000000d6100000,0x00000000d637df00,0x00000000d6380000)
  to   space 5120K, 0% used [0x00000000d6580000,0x00000000d6580000,0x00000000d6a80000)
 ParOldGen       total 82944K, used 82659K [0x0000000080000000, 0x0000000085100000, 0x00000000d5580000)
  object space 82944K, 99% used [0x0000000080000000,0x00000000850b8d60,0x0000000085100000)
 Metaspace       used 75411K, committed 76928K, reserved 1179648K
  class space    used 9383K, committed 10048K, reserved 1048576K
}
Event: 380.245 GC heap before
{Heap before GC invocations=115 (full 3):
 PSYoungGen      total 13824K, used 13815K [0x00000000d5580000, 0x00000000d6a80000, 0x0000000100000000)
  eden space 11264K, 100% used [0x00000000d5580000,0x00000000d6080000,0x00000000d6080000)
  from space 2560K, 99% used [0x00000000d6100000,0x00000000d637df00,0x00000000d6380000)
  to   space 5120K, 0% used [0x00000000d6580000,0x00000000d6580000,0x00000000d6a80000)
 ParOldGen       total 82944K, used 82659K [0x0000000080000000, 0x0000000085100000, 0x00000000d5580000)
  object space 82944K, 99% used [0x0000000080000000,0x00000000850b8d60,0x0000000085100000)
 Metaspace       used 75416K, committed 76928K, reserved 1179648K
  class space    used 9383K, committed 10048K, reserved 1048576K
}
Event: 380.251 GC heap after
{Heap after GC invocations=115 (full 3):
 PSYoungGen      total 14336K, used 2958K [0x00000000d5580000, 0x00000000d6880000, 0x0000000100000000)
  eden space 11264K, 0% used [0x00000000d5580000,0x00000000d5580000,0x00000000d6080000)
  from space 3072K, 96% used [0x00000000d6580000,0x00000000d6863940,0x00000000d6880000)
  to   space 3584K, 0% used [0x00000000d6180000,0x00000000d6180000,0x00000000d6500000)
 ParOldGen       total 85504K, used 85085K [0x0000000080000000, 0x0000000085380000, 0x00000000d5580000)
  object space 85504K, 99% used [0x0000000080000000,0x0000000085317498,0x0000000085380000)
 Metaspace       used 75416K, committed 76928K, reserved 1179648K
  class space    used 9383K, committed 10048K, reserved 1048576K
}

